\BOOKMARK [1][-]{section.1}{\376\377\116\011\211\322\137\142\166\204\116\224\137\303}{}% 1
\BOOKMARK [2][-]{subsection.1.1}{\376\377\116\224\137\303\166\204\133\232\116\111\116\016\140\047\215\050}{section.1}% 2
\BOOKMARK [2][-]{subsection.1.2}{\376\377\117\213\230\230}{section.1}% 3
\BOOKMARK [1][-]{section.2}{\376\377\127\006\116\055\166\204\153\324\117\213\176\277\153\265\060\001\150\071\217\164}{}% 4
\BOOKMARK [2][-]{subsection.2.1}{\376\377\127\006\136\102}{section.2}% 5
\BOOKMARK [2][-]{subsection.2.2}{\376\377\150\071\217\164}{section.2}% 6
\BOOKMARK [2][-]{subsection.2.3}{\376\377\117\213\230\230}{section.2}% 7
\BOOKMARK [1][-]{section.3}{\376\377\173\200\123\125\133\236\142\030\213\255\176\303}{}% 8
\BOOKMARK [1][-]{section.4}{\376\377\136\163\227\142\121\340\117\125\116\055\166\204\136\070\211\301\145\271\154\325\040\024\040\024\116\343\145\160\154\325\060\001\116\011\211\322\154\325}{}% 9
\BOOKMARK [2][-]{subsection.4.1}{\376\377\116\343\145\160\154\325\136\070\165\050\133\232\164\006\116\016\176\323\213\272}{section.4}% 10
\BOOKMARK [2][-]{subsection.4.2}{\376\377\116\343\145\160\154\325\117\213\230\230}{section.4}% 11
\BOOKMARK [2][-]{subsection.4.3}{\376\377\116\011\211\322\154\325}{section.4}% 12
\BOOKMARK [2][-]{subsection.4.4}{\376\377\116\011\211\322\154\325\117\213\230\230}{section.4}% 13
\BOOKMARK [1][-]{section.5}{\376\377\176\277\153\265\060\001\211\322\166\370\173\111\116\016\126\376\137\142\166\370\117\074\060\001\121\150\173\111\225\356\230\230}{}% 14
\BOOKMARK [1][-]{section.6}{\376\377\166\364\176\277\136\163\210\114\142\026\127\202\166\364\225\356\230\230}{}% 15
\BOOKMARK [2][-]{subsection.6.1}{\376\377\136\163\210\114\225\356\230\230}{section.6}% 16
\BOOKMARK [2][-]{subsection.6.2}{\376\377\127\202\166\364\225\356\230\230}{section.6}% 17
\BOOKMARK [1][-]{section.7}{\376\377\160\271\121\161\176\277\142\026\176\277\121\161\160\271\225\356\230\230}{}% 18
\BOOKMARK [2][-]{subsection.7.1}{\376\377\160\271\121\161\176\277\225\356\230\230}{section.7}% 19
\BOOKMARK [2][-]{subsection.7.2}{\376\377\176\277\121\161\160\271\225\356\230\230}{section.7}% 20
\BOOKMARK [1][-]{section.8}{\376\377\127\006\225\045\146\362\176\277}{}% 21
\BOOKMARK [2][-]{subsection.8.1}{\376\377\151\055\127\006}{section.8}% 22
\BOOKMARK [3][-]{subsubsection.8.1.1}{\376\377\140\047\215\050}{subsection.8.1}% 23
\BOOKMARK [3][-]{subsubsection.8.1.2}{\376\377\117\213\230\230}{subsection.8.1}% 24
\BOOKMARK [2][-]{subsection.8.2}{\376\377\123\314\146\362\176\277}{section.8}% 25
\BOOKMARK [3][-]{subsubsection.8.2.1}{\376\377\133\232\116\111\116\016\127\372\147\054\140\047\215\050}{subsection.8.2}% 26
\BOOKMARK [3][-]{subsubsection.8.2.2}{\376\377\117\213\230\230}{subsection.8.2}% 27
\BOOKMARK [2][-]{subsection.8.3}{\376\377\142\233\162\151\176\277}{section.8}% 28
\BOOKMARK [3][-]{subsubsection.8.3.1}{\376\377\133\232\116\111\116\016\140\047\215\050}{subsection.8.3}% 29
\BOOKMARK [3][-]{subsubsection.8.3.2}{\376\377\117\213\230\230}{subsection.8.3}% 30
\BOOKMARK [3][-]{subsubsection.8.3.3}{\376\377\116\140\230\230}{subsection.8.3}% 31
\BOOKMARK [2][-]{subsection.8.4}{\376\377\127\006\225\045\146\362\176\277\176\374\124\010}{section.8}% 32
